{
  "stats": {
    "suites": 1,
    "tests": 1,
    "passes": 0,
    "pending": 3,
    "failures": -2,
    "start": "2023-06-13T15:52:10.627Z",
    "end": "2023-06-13T15:52:10.776Z",
    "duration": 149,
    "testsRegistered": 3,
    "passPercent": null,
    "pendingPercent": 100,
    "other": 2,
    "hasOther": true,
    "skipped": 0,
    "hasSkipped": false
  },
  "results": [
    {
      "uuid": "21129555-44c4-4c7c-8133-8d82eb523f7c",
      "title": "",
      "fullFile": "cypress\\e2e\\cucumber-tests\\features\\newTab.feature",
      "file": "cypress\\e2e\\cucumber-tests\\features\\newTab.feature",
      "beforeHooks": [],
      "afterHooks": [],
      "tests": [],
      "suites": [
        {
          "uuid": "4d1d0f7b-ccff-4efd-ac81-6ce4ada657a0",
          "title": "Handling of new browser Tab and window",
          "fullFile": "",
          "file": "",
          "beforeHooks": [],
          "afterHooks": [],
          "tests": [
            {
              "title": "Handling new Browser Tab with removing the target attribute (example #1)",
              "fullTitle": "Handling of new browser Tab and window Handling new Browser Tab with removing the target attribute (example #1)",
              "timedOut": null,
              "duration": 0,
              "state": "pending",
              "speed": null,
              "pass": false,
              "fail": false,
              "pending": true,
              "context": "{\n  \"title\": \"cypress-mochawesome-reporter-videos-pending\",\n  \"value\": \"cypress\\\\e2e\\\\cucumber-tests\\\\features\\\\newTab.feature\"\n}",
              "code": "",
              "err": {},
              "uuid": "83f051b9-fa1c-41bc-b036-a16ca441ac48",
              "parentUUID": "4d1d0f7b-ccff-4efd-ac81-6ce4ada657a0",
              "isHook": false,
              "skipped": false
            },
            {
              "title": "Handling new Browser Tab without removing the target attribute (example #1)",
              "fullTitle": "Handling of new browser Tab and window Handling new Browser Tab without removing the target attribute (example #1)",
              "timedOut": null,
              "duration": 0,
              "state": "pending",
              "speed": null,
              "pass": false,
              "fail": false,
              "pending": true,
              "context": "{\n  \"title\": \"cypress-mochawesome-reporter-videos-pending\",\n  \"value\": \"cypress\\\\e2e\\\\cucumber-tests\\\\features\\\\newTab.feature\"\n}",
              "code": "",
              "err": {},
              "uuid": "343a7959-5338-43b8-9bf1-1809608b3423",
              "parentUUID": "4d1d0f7b-ccff-4efd-ac81-6ce4ada657a0",
              "isHook": false,
              "skipped": false
            },
            {
              "title": "Handling new Browser Window (example #1)",
              "fullTitle": "Handling of new browser Tab and window Handling new Browser Window (example #1)",
              "timedOut": null,
              "duration": 0,
              "state": "pending",
              "speed": null,
              "pass": false,
              "fail": false,
              "pending": true,
              "context": "{\n  \"title\": \"cypress-mochawesome-reporter-videos-pending\",\n  \"value\": \"cypress\\\\e2e\\\\cucumber-tests\\\\features\\\\newTab.feature\"\n}",
              "code": "",
              "err": {},
              "uuid": "16825149-cb39-44d7-86d5-d58493649b13",
              "parentUUID": "4d1d0f7b-ccff-4efd-ac81-6ce4ada657a0",
              "isHook": false,
              "skipped": false
            }
          ],
          "suites": [],
          "passes": [],
          "failures": [],
          "pending": [
            "83f051b9-fa1c-41bc-b036-a16ca441ac48",
            "343a7959-5338-43b8-9bf1-1809608b3423",
            "16825149-cb39-44d7-86d5-d58493649b13"
          ],
          "skipped": [],
          "duration": 0,
          "root": false,
          "rootEmpty": false,
          "_timeout": 2000
        }
      ],
      "passes": [],
      "failures": [],
      "pending": [],
      "skipped": [],
      "duration": 0,
      "root": true,
      "rootEmpty": true,
      "_timeout": 2000
    }
  ],
  "meta": {
    "mocha": {
      "version": "7.0.1"
    },
    "mochawesome": {
      "options": {
        "quiet": false,
        "reportFilename": "mochawesome",
        "saveHtml": false,
        "saveJson": true,
        "consoleReporter": "spec",
        "useInlineDiffs": false,
        "code": true
      },
      "version": "7.1.3"
    },
    "marge": {
      "options": {
        "overwrite": false,
        "html": false,
        "json": true,
        "reportDir": "cypress\\reports\\html\\.jsons"
      },
      "version": "6.2.0"
    }
  }
}