{
  "stats": {
    "suites": 1,
    "tests": 1,
    "passes": 0,
    "pending": 3,
    "failures": -2,
    "start": "2023-06-13T14:11:45.858Z",
    "end": "2023-06-13T14:11:46.025Z",
    "duration": 167,
    "testsRegistered": 3,
    "passPercent": null,
    "pendingPercent": 100,
    "other": 2,
    "hasOther": true,
    "skipped": 0,
    "hasSkipped": false
  },
  "results": [
    {
      "uuid": "689b21a2-767d-4b5b-89a0-3b28174a66e3",
      "title": "",
      "fullFile": "cypress\\e2e\\cucumber-tests\\features\\newUser.feature",
      "file": "cypress\\e2e\\cucumber-tests\\features\\newUser.feature",
      "beforeHooks": [],
      "afterHooks": [],
      "tests": [],
      "suites": [
        {
          "uuid": "4bdf5a1b-f78f-425d-99f8-aeb6cbb0b0e0",
          "title": "Create new user Feature",
          "fullFile": "",
          "file": "",
          "beforeHooks": [],
          "afterHooks": [],
          "tests": [
            {
              "title": "Validate all the Quick Launch Texts on dashboard",
              "fullTitle": "Create new user Feature Validate all the Quick Launch Texts on dashboard",
              "timedOut": null,
              "duration": 0,
              "state": "pending",
              "speed": null,
              "pass": false,
              "fail": false,
              "pending": true,
              "context": "{\n  \"title\": \"cypress-mochawesome-reporter-videos-pending\",\n  \"value\": \"cypress\\\\e2e\\\\cucumber-tests\\\\features\\\\newUser.feature\"\n}",
              "code": "",
              "err": {},
              "uuid": "9839b634-d8f4-4bf3-a843-bb4a151d50ef",
              "parentUUID": "4bdf5a1b-f78f-425d-99f8-aeb6cbb0b0e0",
              "isHook": false,
              "skipped": false
            },
            {
              "title": "Create a new user profile, search and Delete the profile",
              "fullTitle": "Create new user Feature Create a new user profile, search and Delete the profile",
              "timedOut": null,
              "duration": 0,
              "state": "pending",
              "speed": null,
              "pass": false,
              "fail": false,
              "pending": true,
              "context": "{\n  \"title\": \"cypress-mochawesome-reporter-videos-pending\",\n  \"value\": \"cypress\\\\e2e\\\\cucumber-tests\\\\features\\\\newUser.feature\"\n}",
              "code": "",
              "err": {},
              "uuid": "c3008309-b9f0-4820-aaf1-9c3f85543a57",
              "parentUUID": "4bdf5a1b-f78f-425d-99f8-aeb6cbb0b0e0",
              "isHook": false,
              "skipped": false
            },
            {
              "title": "'Search' and 'Delete' the user profile",
              "fullTitle": "Create new user Feature 'Search' and 'Delete' the user profile",
              "timedOut": null,
              "duration": 0,
              "state": "pending",
              "speed": null,
              "pass": false,
              "fail": false,
              "pending": true,
              "context": "{\n  \"title\": \"cypress-mochawesome-reporter-videos-pending\",\n  \"value\": \"cypress\\\\e2e\\\\cucumber-tests\\\\features\\\\newUser.feature\"\n}",
              "code": "",
              "err": {},
              "uuid": "ddbf9022-38fc-4c70-81d6-5f6af88cb7a1",
              "parentUUID": "4bdf5a1b-f78f-425d-99f8-aeb6cbb0b0e0",
              "isHook": false,
              "skipped": false
            }
          ],
          "suites": [],
          "passes": [],
          "failures": [],
          "pending": [
            "9839b634-d8f4-4bf3-a843-bb4a151d50ef",
            "c3008309-b9f0-4820-aaf1-9c3f85543a57",
            "ddbf9022-38fc-4c70-81d6-5f6af88cb7a1"
          ],
          "skipped": [],
          "duration": 0,
          "root": false,
          "rootEmpty": false,
          "_timeout": 2000
        }
      ],
      "passes": [],
      "failures": [],
      "pending": [],
      "skipped": [],
      "duration": 0,
      "root": true,
      "rootEmpty": true,
      "_timeout": 2000
    }
  ],
  "meta": {
    "mocha": {
      "version": "7.0.1"
    },
    "mochawesome": {
      "options": {
        "quiet": false,
        "reportFilename": "mochawesome",
        "saveHtml": false,
        "saveJson": true,
        "consoleReporter": "spec",
        "useInlineDiffs": false,
        "code": true
      },
      "version": "7.1.3"
    },
    "marge": {
      "options": {
        "overwrite": false,
        "html": false,
        "json": true,
        "reportDir": "cypress\\reports\\html\\.jsons"
      },
      "version": "6.2.0"
    }
  }
}