{
  "stats": {
    "suites": 1,
    "tests": 1,
    "passes": 0,
    "pending": 3,
    "failures": -2,
    "start": "2023-06-13T14:11:36.414Z",
    "end": "2023-06-13T14:11:36.710Z",
    "duration": 296,
    "testsRegistered": 3,
    "passPercent": null,
    "pendingPercent": 100,
    "other": 2,
    "hasOther": true,
    "skipped": 0,
    "hasSkipped": false
  },
  "results": [
    {
      "uuid": "07cd59db-5375-4997-99b5-a7fcc5108f32",
      "title": "",
      "fullFile": "cypress\\e2e\\cucumber-tests\\features\\newTab.feature",
      "file": "cypress\\e2e\\cucumber-tests\\features\\newTab.feature",
      "beforeHooks": [],
      "afterHooks": [],
      "tests": [],
      "suites": [
        {
          "uuid": "b9624dd4-965c-4868-8c5e-df5b127b629f",
          "title": "Handling of new browser Tab and window",
          "fullFile": "",
          "file": "",
          "beforeHooks": [],
          "afterHooks": [],
          "tests": [
            {
              "title": "Handling new Browser Tab with removing the target attribute (example #1)",
              "fullTitle": "Handling of new browser Tab and window Handling new Browser Tab with removing the target attribute (example #1)",
              "timedOut": null,
              "duration": 0,
              "state": "pending",
              "speed": null,
              "pass": false,
              "fail": false,
              "pending": true,
              "context": "{\n  \"title\": \"cypress-mochawesome-reporter-videos-pending\",\n  \"value\": \"cypress\\\\e2e\\\\cucumber-tests\\\\features\\\\newTab.feature\"\n}",
              "code": "",
              "err": {},
              "uuid": "7155ca2b-7d08-46c6-9968-e17c10a5aedd",
              "parentUUID": "b9624dd4-965c-4868-8c5e-df5b127b629f",
              "isHook": false,
              "skipped": false
            },
            {
              "title": "Handling new Browser Tab without removing the target attribute (example #1)",
              "fullTitle": "Handling of new browser Tab and window Handling new Browser Tab without removing the target attribute (example #1)",
              "timedOut": null,
              "duration": 0,
              "state": "pending",
              "speed": null,
              "pass": false,
              "fail": false,
              "pending": true,
              "context": "{\n  \"title\": \"cypress-mochawesome-reporter-videos-pending\",\n  \"value\": \"cypress\\\\e2e\\\\cucumber-tests\\\\features\\\\newTab.feature\"\n}",
              "code": "",
              "err": {},
              "uuid": "5914248a-ba1d-493b-aa40-839f0d2d2c1a",
              "parentUUID": "b9624dd4-965c-4868-8c5e-df5b127b629f",
              "isHook": false,
              "skipped": false
            },
            {
              "title": "Handling new Browser Window (example #1)",
              "fullTitle": "Handling of new browser Tab and window Handling new Browser Window (example #1)",
              "timedOut": null,
              "duration": 0,
              "state": "pending",
              "speed": null,
              "pass": false,
              "fail": false,
              "pending": true,
              "context": "{\n  \"title\": \"cypress-mochawesome-reporter-videos-pending\",\n  \"value\": \"cypress\\\\e2e\\\\cucumber-tests\\\\features\\\\newTab.feature\"\n}",
              "code": "",
              "err": {},
              "uuid": "9636b605-1454-4c52-8ecd-ba6fd4496c02",
              "parentUUID": "b9624dd4-965c-4868-8c5e-df5b127b629f",
              "isHook": false,
              "skipped": false
            }
          ],
          "suites": [],
          "passes": [],
          "failures": [],
          "pending": [
            "7155ca2b-7d08-46c6-9968-e17c10a5aedd",
            "5914248a-ba1d-493b-aa40-839f0d2d2c1a",
            "9636b605-1454-4c52-8ecd-ba6fd4496c02"
          ],
          "skipped": [],
          "duration": 0,
          "root": false,
          "rootEmpty": false,
          "_timeout": 2000
        }
      ],
      "passes": [],
      "failures": [],
      "pending": [],
      "skipped": [],
      "duration": 0,
      "root": true,
      "rootEmpty": true,
      "_timeout": 2000
    }
  ],
  "meta": {
    "mocha": {
      "version": "7.0.1"
    },
    "mochawesome": {
      "options": {
        "quiet": false,
        "reportFilename": "mochawesome",
        "saveHtml": false,
        "saveJson": true,
        "consoleReporter": "spec",
        "useInlineDiffs": false,
        "code": true
      },
      "version": "7.1.3"
    },
    "marge": {
      "options": {
        "overwrite": false,
        "html": false,
        "json": true,
        "reportDir": "cypress\\reports\\html\\.jsons"
      },
      "version": "6.2.0"
    }
  }
}