{
  "stats": {
    "suites": 1,
    "tests": 2,
    "passes": 1,
    "pending": 0,
    "failures": 1,
    "start": "2023-06-13T16:09:28.061Z",
    "end": "2023-06-13T16:09:29.857Z",
    "duration": 1796,
    "testsRegistered": 2,
    "passPercent": 50,
    "pendingPercent": 0,
    "other": 0,
    "hasOther": false,
    "skipped": 0,
    "hasSkipped": false
  },
  "results": [
    {
      "uuid": "71c12cf1-7a86-4aa8-8637-599606bc8fed",
      "title": "",
      "fullFile": "cypress\\e2e\\cucumber-tests\\features\\apiTest.feature",
      "file": "cypress\\e2e\\cucumber-tests\\features\\apiTest.feature",
      "beforeHooks": [],
      "afterHooks": [],
      "tests": [],
      "suites": [
        {
          "uuid": "c83ff15d-b3ff-448f-9802-e4a963fe39d4",
          "title": "API Testing",
          "fullFile": "",
          "file": "",
          "beforeHooks": [],
          "afterHooks": [],
          "tests": [
            {
              "title": "Verify GET Request (example #1)",
              "fullTitle": "API Testing Verify GET Request (example #1)",
              "timedOut": null,
              "duration": 660,
              "state": "passed",
              "speed": "fast",
              "pass": true,
              "fail": false,
              "pending": false,
              "context": "{\n  \"title\": \"cypress-mochawesome-reporter-videos-passed\",\n  \"value\": \"cypress\\\\e2e\\\\cucumber-tests\\\\features\\\\apiTest.feature\"\n}",
              "code": "var _a, _b, _c, _d, _e;\nconst { remainingSteps, testCaseStartedId } = retrieveInternalSpecProperties();\nif (context.messagesEnabled) {\n    taskTestCaseStarted({\n        id: testCaseStartedId,\n        testCaseId,\n        attempt: attempt++,\n        timestamp: (0, messages_1.createTimestamp)(),\n    });\n}\nwindow.testState = {\n    gherkinDocument,\n    pickles,\n    pickle,\n};\nfor (const step of steps) {\n    if (step.hook) {\n        const hook = step.hook;\n        cy.then(() => {\n            delete window.testState.pickleStep;\n            const start = (0, messages_1.createTimestamp)();\n            internalProperties.currentStepStartedAt = start;\n            if (context.messagesEnabled) {\n                taskTestStepStarted({\n                    testStepId: hook.id,\n                    testCaseStartedId,\n                    timestamp: start,\n                });\n            }\n            return cy.wrap(start, { log: false });\n        })\n            .then((start) => {\n            (0, cypress_1.runStepWithLogGroup)({\n                fn: () => registry.runHook(this, hook),\n                keyword: hook.keyword,\n                text: hook.tags,\n            });\n            return cy.wrap(start, { log: false });\n        })\n            .then((start) => {\n            const end = (0, messages_1.createTimestamp)();\n            if (context.messagesEnabled) {\n                taskTestStepFinished({\n                    testStepId: hook.id,\n                    testCaseStartedId,\n                    testStepResult: {\n                        status: messages.TestStepResultStatus.PASSED,\n                        duration: (0, messages_1.duration)(start, end),\n                    },\n                    timestamp: end,\n                });\n            }\n            remainingSteps.shift();\n        });\n    }\n    else if (step.pickleStep) {\n        const pickleStep = step.pickleStep;\n        const text = (0, assertions_1.assertAndReturn)(pickleStep.text, \"Expected pickle step to have a text\");\n        const scenarioStep = (0, assertions_1.assertAndReturn)(context.astIdsMap.get((0, assertions_1.assertAndReturn)((_a = pickleStep.astNodeIds) === null || _a === void 0 ? void 0 : _a[0], \"Expected to find at least one astNodeId\")), `Expected to find scenario step associated with id = ${(_b = pickleStep.astNodeIds) === null || _b === void 0 ? void 0 : _b[0]}`);\n        const argument = ((_c = pickleStep.argument) === null || _c === void 0 ? void 0 : _c.dataTable)\n            ? new data_table_1.default(pickleStep.argument.dataTable)\n            : ((_e = (_d = pickleStep.argument) === null || _d === void 0 ? void 0 : _d.docString) === null || _e === void 0 ? void 0 : _e.content)\n                ? pickleStep.argument.docString.content\n                : undefined;\n        cy.then(() => {\n            window.testState.pickleStep = step.pickleStep;\n            const start = (0, messages_1.createTimestamp)();\n            internalProperties.currentStep = { pickleStep };\n            internalProperties.currentStepStartedAt = start;\n            if (context.messagesEnabled) {\n                taskTestStepStarted({\n                    testStepId: pickleStep.id,\n                    testCaseStartedId,\n                    timestamp: start,\n                });\n            }\n            return cy.wrap(start, { log: false });\n        })\n            .then((start) => {\n            const beforeStepHooks = registry.resolveBeforeStepHooks(tags);\n            const afterStepHooks = registry.resolveAfterStepHooks(tags);\n            const options = {\n                pickle,\n                pickleStep,\n                gherkinDocument,\n                testCaseStartedId,\n                testStepId: pickleStep.id,\n            };\n            try {\n                return (0, cypress_1.runStepWithLogGroup)({\n                    keyword: (0, assertions_1.assertAndReturn)(\"keyword\" in scenarioStep && scenarioStep.keyword, \"Expected to find a keyword in the scenario step\"),\n                    argument,\n                    text,\n                    fn: () => {\n                        for (const beforeStepHook of beforeStepHooks) {\n                            registry.runStepHook(this, beforeStepHook, options);\n                        }\n                        const result = registry.runStepDefininition(this, text, argument);\n                        for (const afterStepHook of afterStepHooks.reverse()) {\n                            registry.runStepHook(this, afterStepHook, options);\n                        }\n                        return result;\n                    },\n                }).then((result) => {\n                    return {\n                        start,\n                        result,\n                    };\n                });\n            }\n            catch (e) {\n                if (e instanceof registry_1.MissingDefinitionError) {\n                    throw new Error(createMissingStepDefinitionMessage(context, pickleStep, context.registry.parameterTypeRegistry));\n                }\n                else {\n                    throw e;\n                }\n            }\n        })\n            .then(({ start, result }) => {\n            var _a, _b, _c;\n            const end = (0, messages_1.createTimestamp)();\n            if (result === \"pending\") {\n                if (context.messagesEnabled) {\n                    taskTestStepFinished({\n                        testStepId: pickleStep.id,\n                        testCaseStartedId,\n                        testStepResult: {\n                            status: messages.TestStepResultStatus.PENDING,\n                            duration: (0, messages_1.duration)(start, end),\n                        },\n                        timestamp: end,\n                    });\n                    remainingSteps.shift();\n                    for (const skippedStep of remainingSteps) {\n                        const testStepId = (0, assertions_1.assertAndReturn)((_b = (_a = skippedStep.hook) === null || _a === void 0 ? void 0 : _a.id) !== null && _b !== void 0 ? _b : (_c = skippedStep.pickleStep) === null || _c === void 0 ? void 0 : _c.id, \"Expected a step to either be a hook or a pickleStep\");\n                        taskTestStepStarted({\n                            testStepId,\n                            testCaseStartedId,\n                            timestamp: (0, messages_1.createTimestamp)(),\n                        });\n                        taskTestStepFinished({\n                            testStepId,\n                            testCaseStartedId,\n                            testStepResult: {\n                                status: messages.TestStepResultStatus.SKIPPED,\n                                duration: {\n                                    seconds: 0,\n                                    nanos: 0,\n                                },\n                            },\n                            timestamp: (0, messages_1.createTimestamp)(),\n                        });\n                    }\n                }\n                for (let i = 0, count = remainingSteps.length; i < count; i++) {\n                    remainingSteps.pop();\n                }\n                cy.then(() => this.skip());\n            }\n            else {\n                if (context.messagesEnabled) {\n                    taskTestStepFinished({\n                        testStepId: pickleStep.id,\n                        testCaseStartedId,\n                        testStepResult: {\n                            status: messages.TestStepResultStatus.PASSED,\n                            duration: (0, messages_1.duration)(start, end),\n                        },\n                        timestamp: end,\n                    });\n                }\n                remainingSteps.shift();\n            }\n        });\n    }\n}",
              "err": {},
              "uuid": "c7ecc19c-13c0-4822-8e38-624b6f619fbc",
              "parentUUID": "c83ff15d-b3ff-448f-9802-e4a963fe39d4",
              "isHook": false,
              "skipped": false
            },
            {
              "title": "Verify POST Request (example #1)",
              "fullTitle": "API Testing Verify POST Request (example #1)",
              "timedOut": null,
              "duration": 993,
              "state": "failed",
              "speed": null,
              "pass": false,
              "fail": true,
              "pending": false,
              "context": null,
              "code": "var _a, _b, _c, _d, _e;\nconst { remainingSteps, testCaseStartedId } = retrieveInternalSpecProperties();\nif (context.messagesEnabled) {\n    taskTestCaseStarted({\n        id: testCaseStartedId,\n        testCaseId,\n        attempt: attempt++,\n        timestamp: (0, messages_1.createTimestamp)(),\n    });\n}\nwindow.testState = {\n    gherkinDocument,\n    pickles,\n    pickle,\n};\nfor (const step of steps) {\n    if (step.hook) {\n        const hook = step.hook;\n        cy.then(() => {\n            delete window.testState.pickleStep;\n            const start = (0, messages_1.createTimestamp)();\n            internalProperties.currentStepStartedAt = start;\n            if (context.messagesEnabled) {\n                taskTestStepStarted({\n                    testStepId: hook.id,\n                    testCaseStartedId,\n                    timestamp: start,\n                });\n            }\n            return cy.wrap(start, { log: false });\n        })\n            .then((start) => {\n            (0, cypress_1.runStepWithLogGroup)({\n                fn: () => registry.runHook(this, hook),\n                keyword: hook.keyword,\n                text: hook.tags,\n            });\n            return cy.wrap(start, { log: false });\n        })\n            .then((start) => {\n            const end = (0, messages_1.createTimestamp)();\n            if (context.messagesEnabled) {\n                taskTestStepFinished({\n                    testStepId: hook.id,\n                    testCaseStartedId,\n                    testStepResult: {\n                        status: messages.TestStepResultStatus.PASSED,\n                        duration: (0, messages_1.duration)(start, end),\n                    },\n                    timestamp: end,\n                });\n            }\n            remainingSteps.shift();\n        });\n    }\n    else if (step.pickleStep) {\n        const pickleStep = step.pickleStep;\n        const text = (0, assertions_1.assertAndReturn)(pickleStep.text, \"Expected pickle step to have a text\");\n        const scenarioStep = (0, assertions_1.assertAndReturn)(context.astIdsMap.get((0, assertions_1.assertAndReturn)((_a = pickleStep.astNodeIds) === null || _a === void 0 ? void 0 : _a[0], \"Expected to find at least one astNodeId\")), `Expected to find scenario step associated with id = ${(_b = pickleStep.astNodeIds) === null || _b === void 0 ? void 0 : _b[0]}`);\n        const argument = ((_c = pickleStep.argument) === null || _c === void 0 ? void 0 : _c.dataTable)\n            ? new data_table_1.default(pickleStep.argument.dataTable)\n            : ((_e = (_d = pickleStep.argument) === null || _d === void 0 ? void 0 : _d.docString) === null || _e === void 0 ? void 0 : _e.content)\n                ? pickleStep.argument.docString.content\n                : undefined;\n        cy.then(() => {\n            window.testState.pickleStep = step.pickleStep;\n            const start = (0, messages_1.createTimestamp)();\n            internalProperties.currentStep = { pickleStep };\n            internalProperties.currentStepStartedAt = start;\n            if (context.messagesEnabled) {\n                taskTestStepStarted({\n                    testStepId: pickleStep.id,\n                    testCaseStartedId,\n                    timestamp: start,\n                });\n            }\n            return cy.wrap(start, { log: false });\n        })\n            .then((start) => {\n            const beforeStepHooks = registry.resolveBeforeStepHooks(tags);\n            const afterStepHooks = registry.resolveAfterStepHooks(tags);\n            const options = {\n                pickle,\n                pickleStep,\n                gherkinDocument,\n                testCaseStartedId,\n                testStepId: pickleStep.id,\n            };\n            try {\n                return (0, cypress_1.runStepWithLogGroup)({\n                    keyword: (0, assertions_1.assertAndReturn)(\"keyword\" in scenarioStep && scenarioStep.keyword, \"Expected to find a keyword in the scenario step\"),\n                    argument,\n                    text,\n                    fn: () => {\n                        for (const beforeStepHook of beforeStepHooks) {\n                            registry.runStepHook(this, beforeStepHook, options);\n                        }\n                        const result = registry.runStepDefininition(this, text, argument);\n                        for (const afterStepHook of afterStepHooks.reverse()) {\n                            registry.runStepHook(this, afterStepHook, options);\n                        }\n                        return result;\n                    },\n                }).then((result) => {\n                    return {\n                        start,\n                        result,\n                    };\n                });\n            }\n            catch (e) {\n                if (e instanceof registry_1.MissingDefinitionError) {\n                    throw new Error(createMissingStepDefinitionMessage(context, pickleStep, context.registry.parameterTypeRegistry));\n                }\n                else {\n                    throw e;\n                }\n            }\n        })\n            .then(({ start, result }) => {\n            var _a, _b, _c;\n            const end = (0, messages_1.createTimestamp)();\n            if (result === \"pending\") {\n                if (context.messagesEnabled) {\n                    taskTestStepFinished({\n                        testStepId: pickleStep.id,\n                        testCaseStartedId,\n                        testStepResult: {\n                            status: messages.TestStepResultStatus.PENDING,\n                            duration: (0, messages_1.duration)(start, end),\n                        },\n                        timestamp: end,\n                    });\n                    remainingSteps.shift();\n                    for (const skippedStep of remainingSteps) {\n                        const testStepId = (0, assertions_1.assertAndReturn)((_b = (_a = skippedStep.hook) === null || _a === void 0 ? void 0 : _a.id) !== null && _b !== void 0 ? _b : (_c = skippedStep.pickleStep) === null || _c === void 0 ? void 0 : _c.id, \"Expected a step to either be a hook or a pickleStep\");\n                        taskTestStepStarted({\n                            testStepId,\n                            testCaseStartedId,\n                            timestamp: (0, messages_1.createTimestamp)(),\n                        });\n                        taskTestStepFinished({\n                            testStepId,\n                            testCaseStartedId,\n                            testStepResult: {\n                                status: messages.TestStepResultStatus.SKIPPED,\n                                duration: {\n                                    seconds: 0,\n                                    nanos: 0,\n                                },\n                            },\n                            timestamp: (0, messages_1.createTimestamp)(),\n                        });\n                    }\n                }\n                for (let i = 0, count = remainingSteps.length; i < count; i++) {\n                    remainingSteps.pop();\n                }\n                cy.then(() => this.skip());\n            }\n            else {\n                if (context.messagesEnabled) {\n                    taskTestStepFinished({\n                        testStepId: pickleStep.id,\n                        testCaseStartedId,\n                        testStepResult: {\n                            status: messages.TestStepResultStatus.PASSED,\n                            duration: (0, messages_1.duration)(start, end),\n                        },\n                        timestamp: end,\n                    });\n                }\n                remainingSteps.shift();\n            }\n        });\n    }\n}",
              "err": {
                "message": "AssertionError: expected value to match json-schema '{\"$schema\":\"http://json-schema...' -> '{\"id\":\"135\",\"createdAt\":\"2023-...'\n      Missing required property: name\n          schema: {\"$schema\":\"http://json-schema.org/draft-07/schema#\",\"type\":...\n          rule:   /required/0 -> \"name\"",
                "estack": "AssertionError: expected value to match json-schema '{\"$schema\":\"http://json-schema...' -> '{\"id\":\"135\",\"createdAt\":\"2023-...'\n      Missing required property: name\n          schema: {\"$schema\":\"http://json-schema.org/draft-07/schema#\",\"type\":...\n          rule:   /required/0 -> \"name\"\n    at Proxy.eval (node_modules/chai-json-schema/index.js:173:0)\n    at Context.eval (cypress/e2e/cucumber-tests/stepdefinition/api.js:78:34)\n    at Registry.runStepDefininition (node_modules/@badeball/cypress-cucumber-preprocessor/dist/registry.js:136:0)\n    at Object.fn (node_modules/@badeball/cypress-cucumber-preprocessor/dist/browser-runtime.js:313:0)\n    at runStepWithLogGroup (node_modules/@badeball/cypress-cucumber-preprocessor/dist/helpers/cypress.js:50:0)\n    at Context.eval (node_modules/@badeball/cypress-cucumber-preprocessor/dist/browser-runtime.js:305:0)",
                "diff": "- { id: '135', createdAt: '2023-06-13T16:09:29.071Z' }\n+ '{\"$schema\":\"http://json-schema...'\n"
              },
              "uuid": "b6cdb6f9-66e8-4cc5-ace7-e5a89f4ec794",
              "parentUUID": "c83ff15d-b3ff-448f-9802-e4a963fe39d4",
              "isHook": false,
              "skipped": false
            }
          ],
          "suites": [],
          "passes": [
            "c7ecc19c-13c0-4822-8e38-624b6f619fbc"
          ],
          "failures": [
            "b6cdb6f9-66e8-4cc5-ace7-e5a89f4ec794"
          ],
          "pending": [],
          "skipped": [],
          "duration": 1653,
          "root": false,
          "rootEmpty": false,
          "_timeout": 2000
        }
      ],
      "passes": [],
      "failures": [],
      "pending": [],
      "skipped": [],
      "duration": 0,
      "root": true,
      "rootEmpty": true,
      "_timeout": 2000
    }
  ],
  "meta": {
    "mocha": {
      "version": "7.0.1"
    },
    "mochawesome": {
      "options": {
        "quiet": false,
        "reportFilename": "mochawesome",
        "saveHtml": false,
        "saveJson": true,
        "consoleReporter": "spec",
        "useInlineDiffs": false,
        "code": true
      },
      "version": "7.1.3"
    },
    "marge": {
      "options": {
        "overwrite": false,
        "html": false,
        "json": true,
        "reportDir": "cypress\\reports\\html\\.jsons"
      },
      "version": "6.2.0"
    }
  }
}