{
  "stats": {
    "suites": 1,
    "tests": 1,
    "passes": 0,
    "pending": 2,
    "failures": -1,
    "start": "2023-06-13T15:33:08.107Z",
    "end": "2023-06-13T15:33:08.249Z",
    "duration": 142,
    "testsRegistered": 2,
    "passPercent": null,
    "pendingPercent": 100,
    "other": 1,
    "hasOther": true,
    "skipped": 0,
    "hasSkipped": false
  },
  "results": [
    {
      "uuid": "7e641b8d-42c6-4fcd-b46b-74f23d9ec05c",
      "title": "",
      "fullFile": "cypress\\e2e\\cucumber-tests\\features\\editUser.feature",
      "file": "cypress\\e2e\\cucumber-tests\\features\\editUser.feature",
      "beforeHooks": [],
      "afterHooks": [],
      "tests": [],
      "suites": [
        {
          "uuid": "76ddf956-f54a-4243-a5fc-eff2919911cf",
          "title": "Create new user Feature",
          "fullFile": "",
          "file": "",
          "beforeHooks": [],
          "afterHooks": [],
          "tests": [
            {
              "title": "Create a new user profile, Edit  and upload file the job information",
              "fullTitle": "Create new user Feature Create a new user profile, Edit  and upload file the job information",
              "timedOut": null,
              "duration": 0,
              "state": "pending",
              "speed": null,
              "pass": false,
              "fail": false,
              "pending": true,
              "context": "{\n  \"title\": \"cypress-mochawesome-reporter-videos-pending\",\n  \"value\": \"cypress\\\\e2e\\\\cucumber-tests\\\\features\\\\editUser.feature\"\n}",
              "code": "",
              "err": {},
              "uuid": "0b965d90-00f1-47c7-881d-1efe10a3c418",
              "parentUUID": "76ddf956-f54a-4243-a5fc-eff2919911cf",
              "isHook": false,
              "skipped": false
            },
            {
              "title": "Create a new user profile, Edit the job information and then Delete the profile",
              "fullTitle": "Create new user Feature Create a new user profile, Edit the job information and then Delete the profile",
              "timedOut": null,
              "duration": 0,
              "state": "pending",
              "speed": null,
              "pass": false,
              "fail": false,
              "pending": true,
              "context": "{\n  \"title\": \"cypress-mochawesome-reporter-videos-pending\",\n  \"value\": \"cypress\\\\e2e\\\\cucumber-tests\\\\features\\\\editUser.feature\"\n}",
              "code": "",
              "err": {},
              "uuid": "32788549-254f-46c5-b44d-445cfd80e655",
              "parentUUID": "76ddf956-f54a-4243-a5fc-eff2919911cf",
              "isHook": false,
              "skipped": false
            }
          ],
          "suites": [],
          "passes": [],
          "failures": [],
          "pending": [
            "0b965d90-00f1-47c7-881d-1efe10a3c418",
            "32788549-254f-46c5-b44d-445cfd80e655"
          ],
          "skipped": [],
          "duration": 0,
          "root": false,
          "rootEmpty": false,
          "_timeout": 2000
        }
      ],
      "passes": [],
      "failures": [],
      "pending": [],
      "skipped": [],
      "duration": 0,
      "root": true,
      "rootEmpty": true,
      "_timeout": 2000
    }
  ],
  "meta": {
    "mocha": {
      "version": "7.0.1"
    },
    "mochawesome": {
      "options": {
        "quiet": false,
        "reportFilename": "mochawesome",
        "saveHtml": false,
        "saveJson": true,
        "consoleReporter": "spec",
        "useInlineDiffs": false,
        "code": true
      },
      "version": "7.1.3"
    },
    "marge": {
      "options": {
        "overwrite": false,
        "html": false,
        "json": true,
        "reportDir": "cypress\\reports\\html\\.jsons"
      },
      "version": "6.2.0"
    }
  }
}