{
  "stats": {
    "suites": 1,
    "tests": 1,
    "passes": 0,
    "pending": 3,
    "failures": -2,
    "start": "2023-06-13T15:24:01.623Z",
    "end": "2023-06-13T15:24:01.835Z",
    "duration": 212,
    "testsRegistered": 3,
    "passPercent": null,
    "pendingPercent": 100,
    "other": 2,
    "hasOther": true,
    "skipped": 0,
    "hasSkipped": false
  },
  "results": [
    {
      "uuid": "cfd7440e-41e7-4acb-ae88-c9e2a778d6b0",
      "title": "",
      "fullFile": "cypress\\e2e\\cucumber-tests\\features\\newUser.feature",
      "file": "cypress\\e2e\\cucumber-tests\\features\\newUser.feature",
      "beforeHooks": [],
      "afterHooks": [],
      "tests": [],
      "suites": [
        {
          "uuid": "83b19226-b4a7-48c5-9f1d-da1e32aabce8",
          "title": "Create new user Feature",
          "fullFile": "",
          "file": "",
          "beforeHooks": [],
          "afterHooks": [],
          "tests": [
            {
              "title": "Validate all the Quick Launch Texts on dashboard",
              "fullTitle": "Create new user Feature Validate all the Quick Launch Texts on dashboard",
              "timedOut": null,
              "duration": 0,
              "state": "pending",
              "speed": null,
              "pass": false,
              "fail": false,
              "pending": true,
              "context": "{\n  \"title\": \"cypress-mochawesome-reporter-videos-pending\",\n  \"value\": \"cypress\\\\e2e\\\\cucumber-tests\\\\features\\\\newUser.feature\"\n}",
              "code": "",
              "err": {},
              "uuid": "c1edf622-fa07-4d96-b3b1-42ba40dfebad",
              "parentUUID": "83b19226-b4a7-48c5-9f1d-da1e32aabce8",
              "isHook": false,
              "skipped": false
            },
            {
              "title": "Create a new user profile, search and Delete the profile",
              "fullTitle": "Create new user Feature Create a new user profile, search and Delete the profile",
              "timedOut": null,
              "duration": 0,
              "state": "pending",
              "speed": null,
              "pass": false,
              "fail": false,
              "pending": true,
              "context": "{\n  \"title\": \"cypress-mochawesome-reporter-videos-pending\",\n  \"value\": \"cypress\\\\e2e\\\\cucumber-tests\\\\features\\\\newUser.feature\"\n}",
              "code": "",
              "err": {},
              "uuid": "025f9146-c4fb-45e8-b5f7-ecad190703a0",
              "parentUUID": "83b19226-b4a7-48c5-9f1d-da1e32aabce8",
              "isHook": false,
              "skipped": false
            },
            {
              "title": "'Search' and 'Delete' the user profile",
              "fullTitle": "Create new user Feature 'Search' and 'Delete' the user profile",
              "timedOut": null,
              "duration": 0,
              "state": "pending",
              "speed": null,
              "pass": false,
              "fail": false,
              "pending": true,
              "context": "{\n  \"title\": \"cypress-mochawesome-reporter-videos-pending\",\n  \"value\": \"cypress\\\\e2e\\\\cucumber-tests\\\\features\\\\newUser.feature\"\n}",
              "code": "",
              "err": {},
              "uuid": "4882ae3b-2e7a-4b65-9386-d2750c8cc572",
              "parentUUID": "83b19226-b4a7-48c5-9f1d-da1e32aabce8",
              "isHook": false,
              "skipped": false
            }
          ],
          "suites": [],
          "passes": [],
          "failures": [],
          "pending": [
            "c1edf622-fa07-4d96-b3b1-42ba40dfebad",
            "025f9146-c4fb-45e8-b5f7-ecad190703a0",
            "4882ae3b-2e7a-4b65-9386-d2750c8cc572"
          ],
          "skipped": [],
          "duration": 0,
          "root": false,
          "rootEmpty": false,
          "_timeout": 2000
        }
      ],
      "passes": [],
      "failures": [],
      "pending": [],
      "skipped": [],
      "duration": 0,
      "root": true,
      "rootEmpty": true,
      "_timeout": 2000
    }
  ],
  "meta": {
    "mocha": {
      "version": "7.0.1"
    },
    "mochawesome": {
      "options": {
        "quiet": false,
        "reportFilename": "mochawesome",
        "saveHtml": false,
        "saveJson": true,
        "consoleReporter": "spec",
        "useInlineDiffs": false,
        "code": true
      },
      "version": "7.1.3"
    },
    "marge": {
      "options": {
        "overwrite": false,
        "html": false,
        "json": true,
        "reportDir": "cypress\\reports\\html\\.jsons"
      },
      "version": "6.2.0"
    }
  }
}