{
  "stats": {
    "suites": 1,
    "tests": 1,
    "passes": 0,
    "pending": 3,
    "failures": -2,
    "start": "2023-06-13T15:59:42.330Z",
    "end": "2023-06-13T15:59:42.549Z",
    "duration": 219,
    "testsRegistered": 3,
    "passPercent": null,
    "pendingPercent": 100,
    "other": 2,
    "hasOther": true,
    "skipped": 0,
    "hasSkipped": false
  },
  "results": [
    {
      "uuid": "c4c02cd6-cfe6-4a04-932d-7d56d067494e",
      "title": "",
      "fullFile": "cypress\\e2e\\cucumber-tests\\features\\newTab.feature",
      "file": "cypress\\e2e\\cucumber-tests\\features\\newTab.feature",
      "beforeHooks": [],
      "afterHooks": [],
      "tests": [],
      "suites": [
        {
          "uuid": "90c69346-e379-4f9b-aadf-c6fa467bca6a",
          "title": "Handling of new browser Tab and window",
          "fullFile": "",
          "file": "",
          "beforeHooks": [],
          "afterHooks": [],
          "tests": [
            {
              "title": "Handling new Browser Tab with removing the target attribute (example #1)",
              "fullTitle": "Handling of new browser Tab and window Handling new Browser Tab with removing the target attribute (example #1)",
              "timedOut": null,
              "duration": 0,
              "state": "pending",
              "speed": null,
              "pass": false,
              "fail": false,
              "pending": true,
              "context": "{\n  \"title\": \"cypress-mochawesome-reporter-videos-pending\",\n  \"value\": \"cypress\\\\e2e\\\\cucumber-tests\\\\features\\\\newTab.feature\"\n}",
              "code": "",
              "err": {},
              "uuid": "3950dda5-8446-458e-a469-770b9b768617",
              "parentUUID": "90c69346-e379-4f9b-aadf-c6fa467bca6a",
              "isHook": false,
              "skipped": false
            },
            {
              "title": "Handling new Browser Tab without removing the target attribute (example #1)",
              "fullTitle": "Handling of new browser Tab and window Handling new Browser Tab without removing the target attribute (example #1)",
              "timedOut": null,
              "duration": 0,
              "state": "pending",
              "speed": null,
              "pass": false,
              "fail": false,
              "pending": true,
              "context": "{\n  \"title\": \"cypress-mochawesome-reporter-videos-pending\",\n  \"value\": \"cypress\\\\e2e\\\\cucumber-tests\\\\features\\\\newTab.feature\"\n}",
              "code": "",
              "err": {},
              "uuid": "db4e00d9-e7f0-4e2c-8eea-c6897fefdd14",
              "parentUUID": "90c69346-e379-4f9b-aadf-c6fa467bca6a",
              "isHook": false,
              "skipped": false
            },
            {
              "title": "Handling new Browser Window (example #1)",
              "fullTitle": "Handling of new browser Tab and window Handling new Browser Window (example #1)",
              "timedOut": null,
              "duration": 0,
              "state": "pending",
              "speed": null,
              "pass": false,
              "fail": false,
              "pending": true,
              "context": "{\n  \"title\": \"cypress-mochawesome-reporter-videos-pending\",\n  \"value\": \"cypress\\\\e2e\\\\cucumber-tests\\\\features\\\\newTab.feature\"\n}",
              "code": "",
              "err": {},
              "uuid": "ad1e7114-4b27-47f4-8d94-c36cdc2a84d2",
              "parentUUID": "90c69346-e379-4f9b-aadf-c6fa467bca6a",
              "isHook": false,
              "skipped": false
            }
          ],
          "suites": [],
          "passes": [],
          "failures": [],
          "pending": [
            "3950dda5-8446-458e-a469-770b9b768617",
            "db4e00d9-e7f0-4e2c-8eea-c6897fefdd14",
            "ad1e7114-4b27-47f4-8d94-c36cdc2a84d2"
          ],
          "skipped": [],
          "duration": 0,
          "root": false,
          "rootEmpty": false,
          "_timeout": 2000
        }
      ],
      "passes": [],
      "failures": [],
      "pending": [],
      "skipped": [],
      "duration": 0,
      "root": true,
      "rootEmpty": true,
      "_timeout": 2000
    }
  ],
  "meta": {
    "mocha": {
      "version": "7.0.1"
    },
    "mochawesome": {
      "options": {
        "quiet": false,
        "reportFilename": "mochawesome",
        "saveHtml": false,
        "saveJson": true,
        "consoleReporter": "spec",
        "useInlineDiffs": false,
        "code": true
      },
      "version": "7.1.3"
    },
    "marge": {
      "options": {
        "overwrite": false,
        "html": false,
        "json": true,
        "reportDir": "cypress\\reports\\html\\.jsons"
      },
      "version": "6.2.0"
    }
  }
}