{
  "stats": {
    "suites": 1,
    "tests": 1,
    "passes": 0,
    "pending": 2,
    "failures": -1,
    "start": "2023-06-13T15:52:00.598Z",
    "end": "2023-06-13T15:52:00.905Z",
    "duration": 307,
    "testsRegistered": 2,
    "passPercent": null,
    "pendingPercent": 100,
    "other": 1,
    "hasOther": true,
    "skipped": 0,
    "hasSkipped": false
  },
  "results": [
    {
      "uuid": "16c95ae7-c45f-421b-8bb2-c21df4d841de",
      "title": "",
      "fullFile": "cypress\\e2e\\cucumber-tests\\features\\editUser.feature",
      "file": "cypress\\e2e\\cucumber-tests\\features\\editUser.feature",
      "beforeHooks": [],
      "afterHooks": [],
      "tests": [],
      "suites": [
        {
          "uuid": "0af93aaf-9907-487f-811c-bbb3bb1a58ba",
          "title": "Create new user Feature",
          "fullFile": "",
          "file": "",
          "beforeHooks": [],
          "afterHooks": [],
          "tests": [
            {
              "title": "Create a new user profile, Edit  and upload file the job information",
              "fullTitle": "Create new user Feature Create a new user profile, Edit  and upload file the job information",
              "timedOut": null,
              "duration": 0,
              "state": "pending",
              "speed": null,
              "pass": false,
              "fail": false,
              "pending": true,
              "context": "{\n  \"title\": \"cypress-mochawesome-reporter-videos-pending\",\n  \"value\": \"cypress\\\\e2e\\\\cucumber-tests\\\\features\\\\editUser.feature\"\n}",
              "code": "",
              "err": {},
              "uuid": "3179451b-ded6-4a85-9840-429b99fff4ca",
              "parentUUID": "0af93aaf-9907-487f-811c-bbb3bb1a58ba",
              "isHook": false,
              "skipped": false
            },
            {
              "title": "Create a new user profile, Edit the job information and then Delete the profile",
              "fullTitle": "Create new user Feature Create a new user profile, Edit the job information and then Delete the profile",
              "timedOut": null,
              "duration": 0,
              "state": "pending",
              "speed": null,
              "pass": false,
              "fail": false,
              "pending": true,
              "context": "{\n  \"title\": \"cypress-mochawesome-reporter-videos-pending\",\n  \"value\": \"cypress\\\\e2e\\\\cucumber-tests\\\\features\\\\editUser.feature\"\n}",
              "code": "",
              "err": {},
              "uuid": "5ba60065-b0da-434c-9f2f-c75e22c1135f",
              "parentUUID": "0af93aaf-9907-487f-811c-bbb3bb1a58ba",
              "isHook": false,
              "skipped": false
            }
          ],
          "suites": [],
          "passes": [],
          "failures": [],
          "pending": [
            "3179451b-ded6-4a85-9840-429b99fff4ca",
            "5ba60065-b0da-434c-9f2f-c75e22c1135f"
          ],
          "skipped": [],
          "duration": 0,
          "root": false,
          "rootEmpty": false,
          "_timeout": 2000
        }
      ],
      "passes": [],
      "failures": [],
      "pending": [],
      "skipped": [],
      "duration": 0,
      "root": true,
      "rootEmpty": true,
      "_timeout": 2000
    }
  ],
  "meta": {
    "mocha": {
      "version": "7.0.1"
    },
    "mochawesome": {
      "options": {
        "quiet": false,
        "reportFilename": "mochawesome",
        "saveHtml": false,
        "saveJson": true,
        "consoleReporter": "spec",
        "useInlineDiffs": false,
        "code": true
      },
      "version": "7.1.3"
    },
    "marge": {
      "options": {
        "overwrite": false,
        "html": false,
        "json": true,
        "reportDir": "cypress\\reports\\html\\.jsons"
      },
      "version": "6.2.0"
    }
  }
}