{
  "stats": {
    "suites": 1,
    "tests": 1,
    "passes": 0,
    "pending": 2,
    "failures": -1,
    "start": "2023-06-13T14:21:24.567Z",
    "end": "2023-06-13T14:21:24.740Z",
    "duration": 173,
    "testsRegistered": 2,
    "passPercent": null,
    "pendingPercent": 100,
    "other": 1,
    "hasOther": true,
    "skipped": 0,
    "hasSkipped": false
  },
  "results": [
    {
      "uuid": "b18deaa9-c9a3-4cae-aeff-a8fe5d70985f",
      "title": "",
      "fullFile": "cypress\\e2e\\cucumber-tests\\features\\apiTest.feature",
      "file": "cypress\\e2e\\cucumber-tests\\features\\apiTest.feature",
      "beforeHooks": [],
      "afterHooks": [],
      "tests": [],
      "suites": [
        {
          "uuid": "c1c11a81-ae1e-478f-8b56-c7cc343d4776",
          "title": "API Testing",
          "fullFile": "",
          "file": "",
          "beforeHooks": [],
          "afterHooks": [],
          "tests": [
            {
              "title": "Verify GET Request (example #1)",
              "fullTitle": "API Testing Verify GET Request (example #1)",
              "timedOut": null,
              "duration": 0,
              "state": "pending",
              "speed": null,
              "pass": false,
              "fail": false,
              "pending": true,
              "context": "{\n  \"title\": \"cypress-mochawesome-reporter-videos-pending\",\n  \"value\": \"cypress\\\\e2e\\\\cucumber-tests\\\\features\\\\apiTest.feature\"\n}",
              "code": "",
              "err": {},
              "uuid": "6d82e9fa-1218-4313-be29-67a10ee3296d",
              "parentUUID": "c1c11a81-ae1e-478f-8b56-c7cc343d4776",
              "isHook": false,
              "skipped": false
            },
            {
              "title": "Verify POST Request (example #1)",
              "fullTitle": "API Testing Verify POST Request (example #1)",
              "timedOut": null,
              "duration": 0,
              "state": "pending",
              "speed": null,
              "pass": false,
              "fail": false,
              "pending": true,
              "context": "{\n  \"title\": \"cypress-mochawesome-reporter-videos-pending\",\n  \"value\": \"cypress\\\\e2e\\\\cucumber-tests\\\\features\\\\apiTest.feature\"\n}",
              "code": "",
              "err": {},
              "uuid": "fa27234e-9e28-49df-b5cb-d31255e6f444",
              "parentUUID": "c1c11a81-ae1e-478f-8b56-c7cc343d4776",
              "isHook": false,
              "skipped": false
            }
          ],
          "suites": [],
          "passes": [],
          "failures": [],
          "pending": [
            "6d82e9fa-1218-4313-be29-67a10ee3296d",
            "fa27234e-9e28-49df-b5cb-d31255e6f444"
          ],
          "skipped": [],
          "duration": 0,
          "root": false,
          "rootEmpty": false,
          "_timeout": 2000
        }
      ],
      "passes": [],
      "failures": [],
      "pending": [],
      "skipped": [],
      "duration": 0,
      "root": true,
      "rootEmpty": true,
      "_timeout": 2000
    }
  ],
  "meta": {
    "mocha": {
      "version": "7.0.1"
    },
    "mochawesome": {
      "options": {
        "quiet": false,
        "reportFilename": "mochawesome",
        "saveHtml": false,
        "saveJson": true,
        "consoleReporter": "spec",
        "useInlineDiffs": false,
        "code": true
      },
      "version": "7.1.3"
    },
    "marge": {
      "options": {
        "overwrite": false,
        "html": false,
        "json": true,
        "reportDir": "cypress\\reports\\html\\.jsons"
      },
      "version": "6.2.0"
    }
  }
}